<?xml version="1.0" encoding="UTF-8"?>
<!-- Generated by org.testng.reporters.JUnitReportReporter -->
<testsuite hostname="CLBLAP527" name="src.test.java.AppiumTest" tests="1" failures="0" timestamp="25 Feb 2016 11:37:53 GMT" time="19.094" errors="0">
  <testcase name="f" time="19.094" classname="src.test.java.AppiumTest"/>
</testsuite> <!-- src.test.java.AppiumTest -->
